# JRE version: Java(TM) SE Runtime Environment (8.0_101-b13) (build 1.8.0_101-b13)
# Java VM: Java HotSpot(TM) 64-Bit Server VM (25.101-b13 mixed mode windows-amd64 compressed oops)
Heap:
 PSYoungGen      total 594432K, used 329325K [0x0000000780780000, 0x00000007b0b80000, 0x00000007c0000000)
  eden space 567808K, 54% used [0x0000000780780000,0x0000000793396ab0,0x00000007a3200000)
  from space 26624K, 82% used [0x00000007a3200000,0x00000007a4784a98,0x00000007a4c00000)
  to   space 28672K, 0% used [0x00000007aef80000,0x00000007aef80000,0x00000007b0b80000)
 ParOldGen       total 161792K, used 74241K [0x0000000701600000, 0x000000070b400000, 0x0000000780780000)
  object space 161792K, 45% used [0x0000000701600000,0x0000000705e807c8,0x000000070b400000)
 Metaspace       used 77919K, capacity 82494K, committed 82648K, reserved 1120256K
  class space    used 10712K, capacity 11456K, committed 11520K, reserved 1048576K
GC Heap History (10 events):
Event: 7.947 GC heap before
{Heap before GC invocations=12 (full 2):
 PSYoungGen      total 314368K, used 293888K [0x0000000780780000, 0x000000079d900000, 0x00000007c0000000)
  eden space 293888K, 100% used [0x0000000780780000,0x0000000792680000,0x0000000792680000)
  from space 20480K, 0% used [0x0000000792680000,0x0000000792680000,0x0000000793a80000)
  to   space 19456K, 0% used [0x000000079c600000,0x000000079c600000,0x000000079d900000)
 ParOldGen       total 107008K, used 23754K [0x0000000701600000, 0x0000000707e80000, 0x0000000780780000)
  object space 107008K, 22% used [0x0000000701600000,0x0000000702d32870,0x0000000707e80000)
 Metaspace       used 42473K, capacity 44546K, committed 44888K, reserved 1087488K
  class space    used 5849K, capacity 6216K, committed 6272K, reserved 1048576K
Event: 7.968 GC heap after
Heap after GC invocations=12 (full 2):
 PSYoungGen      total 435200K, used 19444K [0x0000000780780000, 0x000000079d900000, 0x00000007c0000000)
  eden space 415744K, 0% used [0x0000000780780000,0x0000000780780000,0x0000000799d80000)
  from space 19456K, 99% used [0x000000079c600000,0x000000079d8fd110,0x000000079d900000)
  to   space 23040K, 0% used [0x000000079ac00000,0x000000079ac00000,0x000000079c280000)
 ParOldGen       total 107008K, used 25992K [0x0000000701600000, 0x0000000707e80000, 0x0000000780780000)
  object space 107008K, 24% used [0x0000000701600000,0x0000000702f62290,0x0000000707e80000)
 Metaspace       used 42473K, capacity 44546K, committed 44888K, reserved 1087488K
  class space    used 5849K, capacity 6216K, committed 6272K, reserved 1048576K
}
Event: 12.686 GC heap before
{Heap before GC invocations=13 (full 2):
 PSYoungGen      total 435200K, used 375925K [0x0000000780780000, 0x000000079d900000, 0x00000007c0000000)
  eden space 415744K, 85% used [0x0000000780780000,0x00000007963a0480,0x0000000799d80000)
  from space 19456K, 99% used [0x000000079c600000,0x000000079d8fd110,0x000000079d900000)
  to   space 23040K, 0% used [0x000000079ac00000,0x000000079ac00000,0x000000079c280000)
 ParOldGen       total 107008K, used 25992K [0x0000000701600000, 0x0000000707e80000, 0x0000000780780000)
  object space 107008K, 24% used [0x0000000701600000,0x0000000702f62290,0x0000000707e80000)
 Metaspace       used 56235K, capacity 58976K, committed 59028K, reserved 1099776K
  class space    used 7945K, capacity 8421K, committed 8448K, reserved 1048576K
Event: 12.728 GC heap after
Heap after GC invocations=13 (full 2):
 PSYoungGen      total 453632K, used 18509K [0x0000000780780000, 0x00000007a6900000, 0x00000007c0000000)
  eden space 430592K, 0% used [0x0000000780780000,0x0000000780780000,0x000000079ac00000)
  from space 23040K, 80% used [0x000000079ac00000,0x000000079be13428,0x000000079c280000)
  to   space 24576K, 0% used [0x00000007a5100000,0x00000007a5100000,0x00000007a6900000)
 ParOldGen       total 107008K, used 41292K [0x0000000701600000, 0x0000000707e80000, 0x0000000780780000)
  object space 107008K, 38% used [0x0000000701600000,0x0000000703e531a8,0x0000000707e80000)
 Metaspace       used 56235K, capacity 58976K, committed 59028K, reserved 1099776K
  class space    used 7945K, capacity 8421K, committed 8448K, reserved 1048576K
}
Event: 12.728 GC heap before
{Heap before GC invocations=14 (full 3):
 PSYoungGen      total 453632K, used 18509K [0x0000000780780000, 0x00000007a6900000, 0x00000007c0000000)
  eden space 430592K, 0% used [0x0000000780780000,0x0000000780780000,0x000000079ac00000)
  from space 23040K, 80% used [0x000000079ac00000,0x000000079be13428,0x000000079c280000)
  to   space 24576K, 0% used [0x00000007a5100000,0x00000007a5100000,0x00000007a6900000)
 ParOldGen       total 107008K, used 41292K [0x0000000701600000, 0x0000000707e80000, 0x0000000780780000)
  object space 107008K, 38% used [0x0000000701600000,0x0000000703e531a8,0x0000000707e80000)
 Metaspace       used 56235K, capacity 58976K, committed 59028K, reserved 1099776K
  class space    used 7945K, capacity 8421K, committed 8448K, reserved 1048576K
Event: 12.991 GC heap after
Heap after GC invocations=14 (full 3):
 PSYoungGen      total 453632K, used 0K [0x0000000780780000, 0x00000007a6900000, 0x00000007c0000000)
  eden space 430592K, 0% used [0x0000000780780000,0x0000000780780000,0x000000079ac00000)
  from space 23040K, 0% used [0x000000079ac00000,0x000000079ac00000,0x000000079c280000)
  to   space 24576K, 0% used [0x00000007a5100000,0x00000007a5100000,0x00000007a6900000)
 ParOldGen       total 161792K, used 55439K [0x0000000701600000, 0x000000070b400000, 0x0000000780780000)
  object space 161792K, 34% used [0x0000000701600000,0x0000000704c23d70,0x000000070b400000)
 Metaspace       used 56235K, capacity 58976K, committed 59028K, reserved 1099776K
  class space    used 7945K, capacity 8421K, committed 8448K, reserved 1048576K
}
Event: 16.442 GC heap before
{Heap before GC invocations=15 (full 3):
 PSYoungGen      total 453632K, used 430592K [0x0000000780780000, 0x00000007a6900000, 0x00000007c0000000)
  eden space 430592K, 100% used [0x0000000780780000,0x000000079ac00000,0x000000079ac00000)
  from space 23040K, 0% used [0x000000079ac00000,0x000000079ac00000,0x000000079c280000)
  to   space 24576K, 0% used [0x00000007a5100000,0x00000007a5100000,0x00000007a6900000)
 ParOldGen       total 161792K, used 55439K [0x0000000701600000, 0x000000070b400000, 0x0000000780780000)
  object space 161792K, 34% used [0x0000000701600000,0x0000000704c23d70,0x000000070b400000)
 Metaspace       used 62970K, capacity 66142K, committed 66264K, reserved 1105920K
  class space    used 8559K, capacity 9096K, committed 9216K, reserved 1048576K
Event: 16.465 GC heap after
Heap after GC invocations=15 (full 3):
 PSYoungGen      total 588800K, used 21362K [0x0000000780780000, 0x00000007a6600000, 0x00000007c0000000)
  eden space 567296K, 0% used [0x0000000780780000,0x0000000780780000,0x00000007a3180000)
  from space 21504K, 99% used [0x00000007a5100000,0x00000007a65dc870,0x00000007a6600000)
  to   space 26624K, 0% used [0x00000007a3200000,0x00000007a3200000,0x00000007a4c00000)
 ParOldGen       total 161792K, used 55447K [0x0000000701600000, 0x000000070b400000, 0x0000000780780000)
  object space 161792K, 34% used [0x0000000701600000,0x0000000704c25d70,0x000000070b400000)
 Metaspace       used 62970K, capacity 66142K, committed 66264K, reserved 1105920K
  class space    used 8559K, capacity 9096K, committed 9216K, reserved 1048576K
}
Event: 20.254 GC heap before
{Heap before GC invocations=16 (full 3):
 PSYoungGen      total 588800K, used 588658K [0x0000000780780000, 0x00000007a6600000, 0x00000007c0000000)
  eden space 567296K, 100% used [0x0000000780780000,0x00000007a3180000,0x00000007a3180000)
  from space 21504K, 99% used [0x00000007a5100000,0x00000007a65dc870,0x00000007a6600000)
  to   space 26624K, 0% used [0x00000007a3200000,0x00000007a3200000,0x00000007a4c00000)
 ParOldGen       total 161792K, used 55447K [0x0000000701600000, 0x000000070b400000, 0x0000000780780000)
  object space 161792K, 34% used [0x0000000701600000,0x0000000704c25d70,0x000000070b400000)
 Metaspace       used 71034K, capacity 75048K, committed 75224K, reserved 1114112K
  class space    used 9779K, capacity 10433K, committed 10496K, reserved 1048576K
Event: 20.299 GC heap after
Heap after GC invocations=16 (full 3):
 PSYoungGen      total 594432K, used 22034K [0x0000000780780000, 0x00000007b0b80000, 0x00000007c0000000)
  eden space 567808K, 0% used [0x0000000780780000,0x0000000780780000,0x00000007a3200000)
  from space 26624K, 82% used [0x00000007a3200000,0x00000007a4784a98,0x00000007a4c00000)
  to   space 28672K, 0% used [0x00000007aef80000,0x00000007aef80000,0x00000007b0b80000)
 ParOldGen       total 161792K, used 74241K [0x0000000701600000, 0x000000070b400000, 0x0000000780780000)
  object space 161792K, 45% used [0x0000000701600000,0x0000000705e807c8,0x000000070b400000)
 Metaspace       used 71034K, capacity 75048K, committed 75224K, reserved 1114112K
  class space    used 9779K, capacity 10433K, committed 10496K, reserved 1048576K
}

